# JRE version: OpenJDK Runtime Environment Temurin-17.0.8.1+1 (17.0.8.1+1) (build 17.0.8.1+1)
# Java VM: OpenJDK 64-Bit Server VM Temurin-17.0.8.1+1 (17.0.8.1+1, mixed mode, emulated-client, tiered, compressed oops, compressed class ptrs, g1 gc, windows-amd64)
GC Precious Log:
 CPUs: 8 total, 8 available
 Memory: 7778M
 Large Page Support: Disabled
 NUMA Support: Disabled
 Compressed Oops: Enabled (32-bit)
 Heap Region Size: 1M
 Heap Min Capacity: 8M
 Heap Initial Capacity: 122M
 Heap Max Capacity: 1G
 Pre-touch: Disabled
 Parallel Workers: 8
 Concurrent Workers: 2
 Concurrent Refinement Workers: 8
 Periodic GC: Disabled
Heap:
 garbage-first heap   total 55296K, used 17798K [0x00000000c0000000, 0x0000000100000000)
  region size 1024K, 1 young (1024K), 0 survivors (0K)
 Metaspace       used 38381K, committed 38976K, reserved 1114112K
  class space    used 5059K, committed 5312K, reserved 1048576K
GC Heap History (20 events):
Event: 1390.548 GC heap before
{Heap before GC invocations=139 (full 128):
 garbage-first heap   total 55296K, used 17798K [0x00000000c0000000, 0x0000000100000000)
  region size 1024K, 1 young (1024K), 0 survivors (0K)
 Metaspace       used 38381K, committed 38976K, reserved 1114112K
  class space    used 5059K, committed 5312K, reserved 1048576K
}
Event: 1390.601 GC heap after
{Heap after GC invocations=140 (full 129):
 garbage-first heap   total 55296K, used 17798K [0x00000000c0000000, 0x0000000100000000)
  region size 1024K, 0 young (0K), 0 survivors (0K)
 Metaspace       used 38381K, committed 38976K, reserved 1114112K
  class space    used 5059K, committed 5312K, reserved 1048576K
}
Event: 1401.077 GC heap before
{Heap before GC invocations=140 (full 129):
 garbage-first heap   total 55296K, used 17798K [0x00000000c0000000, 0x0000000100000000)
  region size 1024K, 1 young (1024K), 0 survivors (0K)
 Metaspace       used 38381K, committed 38976K, reserved 1114112K
  class space    used 5059K, committed 5312K, reserved 1048576K
}
Event: 1401.128 GC heap after
{Heap after GC invocations=141 (full 130):
 garbage-first heap   total 55296K, used 17798K [0x00000000c0000000, 0x0000000100000000)
  region size 1024K, 0 young (0K), 0 survivors (0K)
 Metaspace       used 38381K, committed 38976K, reserved 1114112K
  class space    used 5059K, committed 5312K, reserved 1048576K
}
Event: 1411.359 GC heap before
{Heap before GC invocations=141 (full 130):
 garbage-first heap   total 55296K, used 17798K [0x00000000c0000000, 0x0000000100000000)
  region size 1024K, 1 young (1024K), 0 survivors (0K)
 Metaspace       used 38381K, committed 38976K, reserved 1114112K
  class space    used 5059K, committed 5312K, reserved 1048576K
}
Event: 1411.382 GC heap after
{Heap after GC invocations=142 (full 131):
 garbage-first heap   total 55296K, used 17798K [0x00000000c0000000, 0x0000000100000000)
  region size 1024K, 0 young (0K), 0 survivors (0K)
 Metaspace       used 38381K, committed 38976K, reserved 1114112K
  class space    used 5059K, committed 5312K, reserved 1048576K
}
Event: 1421.844 GC heap before
{Heap before GC invocations=142 (full 131):
 garbage-first heap   total 55296K, used 17798K [0x00000000c0000000, 0x0000000100000000)
  region size 1024K, 1 young (1024K), 0 survivors (0K)
 Metaspace       used 38381K, committed 38976K, reserved 1114112K
  class space    used 5059K, committed 5312K, reserved 1048576K
}
Event: 1421.875 GC heap after
{Heap after GC invocations=143 (full 132):
 garbage-first heap   total 55296K, used 17798K [0x00000000c0000000, 0x0000000100000000)
  region size 1024K, 0 young (0K), 0 survivors (0K)
 Metaspace       used 38381K, committed 38976K, reserved 1114112K
  class space    used 5059K, committed 5312K, reserved 1048576K
}
Event: 1432.145 GC heap before
{Heap before GC invocations=143 (full 132):
 garbage-first heap   total 55296K, used 17798K [0x00000000c0000000, 0x0000000100000000)
  region size 1024K, 1 young (1024K), 0 survivors (0K)
 Metaspace       used 38381K, committed 38976K, reserved 1114112K
  class space    used 5059K, committed 5312K, reserved 1048576K
}
Event: 1432.181 GC heap after
{Heap after GC invocations=144 (full 133):
 garbage-first heap   total 55296K, used 17798K [0x00000000c0000000, 0x0000000100000000)
  region size 1024K, 0 young (0K), 0 survivors (0K)
 Metaspace       used 38381K, committed 38976K, reserved 1114112K
  class space    used 5059K, committed 5312K, reserved 1048576K
}
Event: 1442.475 GC heap before
{Heap before GC invocations=144 (full 133):
 garbage-first heap   total 55296K, used 17798K [0x00000000c0000000, 0x0000000100000000)
  region size 1024K, 1 young (1024K), 0 survivors (0K)
 Metaspace       used 38381K, committed 38976K, reserved 1114112K
  class space    used 5059K, committed 5312K, reserved 1048576K
}
Event: 1442.501 GC heap after
{Heap after GC invocations=145 (full 134):
 garbage-first heap   total 55296K, used 17798K [0x00000000c0000000, 0x0000000100000000)
  region size 1024K, 0 young (0K), 0 survivors (0K)
 Metaspace       used 38381K, committed 38976K, reserved 1114112K
  class space    used 5059K, committed 5312K, reserved 1048576K
}
Event: 1452.763 GC heap before
{Heap before GC invocations=145 (full 134):
 garbage-first heap   total 55296K, used 17798K [0x00000000c0000000, 0x0000000100000000)
  region size 1024K, 1 young (1024K), 0 survivors (0K)
 Metaspace       used 38381K, committed 38976K, reserved 1114112K
  class space    used 5059K, committed 5312K, reserved 1048576K
}
Event: 1452.787 GC heap after
{Heap after GC invocations=146 (full 135):
 garbage-first heap   total 55296K, used 17798K [0x00000000c0000000, 0x0000000100000000)
  region size 1024K, 0 young (0K), 0 survivors (0K)
 Metaspace       used 38381K, committed 38976K, reserved 1114112K
  class space    used 5059K, committed 5312K, reserved 1048576K
}
Event: 1463.218 GC heap before
{Heap before GC invocations=146 (full 135):
 garbage-first heap   total 55296K, used 17798K [0x00000000c0000000, 0x0000000100000000)
  region size 1024K, 1 young (1024K), 0 survivors (0K)
 Metaspace       used 38381K, committed 38976K, reserved 1114112K
  class space    used 5059K, committed 5312K, reserved 1048576K
}
Event: 1463.250 GC heap after
{Heap after GC invocations=147 (full 136):
 garbage-first heap   total 55296K, used 17798K [0x00000000c0000000, 0x0000000100000000)
  region size 1024K, 0 young (0K), 0 survivors (0K)
 Metaspace       used 38381K, committed 38976K, reserved 1114112K
  class space    used 5059K, committed 5312K, reserved 1048576K
}
Event: 1473.478 GC heap before
{Heap before GC invocations=147 (full 136):
 garbage-first heap   total 55296K, used 17798K [0x00000000c0000000, 0x0000000100000000)
  region size 1024K, 1 young (1024K), 0 survivors (0K)
 Metaspace       used 38381K, committed 38976K, reserved 1114112K
  class space    used 5059K, committed 5312K, reserved 1048576K
}
Event: 1473.512 GC heap after
{Heap after GC invocations=148 (full 137):
 garbage-first heap   total 55296K, used 17798K [0x00000000c0000000, 0x0000000100000000)
  region size 1024K, 0 young (0K), 0 survivors (0K)
 Metaspace       used 38381K, committed 38976K, reserved 1114112K
  class space    used 5059K, committed 5312K, reserved 1048576K
}
Event: 1483.964 GC heap before
{Heap before GC invocations=148 (full 137):
 garbage-first heap   total 55296K, used 17798K [0x00000000c0000000, 0x0000000100000000)
  region size 1024K, 1 young (1024K), 0 survivors (0K)
 Metaspace       used 38381K, committed 38976K, reserved 1114112K
  class space    used 5059K, committed 5312K, reserved 1048576K
}
Event: 1484.015 GC heap after
{Heap after GC invocations=149 (full 138):
 garbage-first heap   total 55296K, used 17798K [0x00000000c0000000, 0x0000000100000000)
  region size 1024K, 0 young (0K), 0 survivors (0K)
 Metaspace       used 38381K, committed 38976K, reserved 1114112K
  class space    used 5059K, committed 5312K, reserved 1048576K
}

